<?xml version="1.0" encoding="UTF-8"?>
<!-- Generated by org.testng.reporters.JUnitReportReporter -->
<testsuite hostname="khutalsaheb" failures="0" tests="1" name="com.SauceDemo.Version2.TestPackage.TC001_Verify_Login" time="10.311" errors="0" timestamp="2022-11-09T11:37:42 IST" skipped="0">
  <testcase classname="com.SauceDemo.Version2.TestPackage.TC001_Verify_Login" name="VerifyLogin" time="10.311"/>
  <system-out/>
</testsuite> <!-- com.SauceDemo.Version2.TestPackage.TC001_Verify_Login -->
