<?xml version="1.0" encoding="UTF-8"?>
<!-- Generated by org.testng.reporters.JUnitReportReporter -->
<testsuite hostname="khutalsaheb" failures="0" tests="1" name="com.SauceDemo.Version2.TestPackage.TC004_VerifyLogOut" time="8.024" errors="0" timestamp="2022-11-09T11:37:42 IST" skipped="0">
  <testcase classname="com.SauceDemo.Version2.TestPackage.TC004_VerifyLogOut" name="VerifyLogout" time="8.024"/>
  <system-out/>
</testsuite> <!-- com.SauceDemo.Version2.TestPackage.TC004_VerifyLogOut -->
