<?xml version="1.0" encoding="UTF-8"?>
<!-- Generated by org.testng.reporters.JUnitReportReporter -->
<testsuite hostname="khutalsaheb" failures="0" tests="1" name="com.SauceDemo.TestPackage.TC01_Verify_Login_Fuctionality_Using_Annotations" time="44.850" errors="0" timestamp="2022-11-03T18:23:38 IST" skipped="0">
  <testcase classname="com.SauceDemo.TestPackage.TC01_Verify_Login_Fuctionality_Using_Annotations" name="VerifyLogin" time="44.850"/>
  <system-out/>
</testsuite> <!-- com.SauceDemo.TestPackage.TC01_Verify_Login_Fuctionality_Using_Annotations -->
