<?xml version="1.0" encoding="UTF-8"?>
<!-- Generated by org.testng.reporters.JUnitReportReporter -->
<testsuite hostname="khutalsaheb" failures="0" tests="1" name="com.SauceDemo.Version2.TestPackage.TC002_VerifyBagProduct_AddtoCart" time="6.550" errors="0" timestamp="2022-11-09T11:37:42 IST" skipped="0">
  <testcase classname="com.SauceDemo.Version2.TestPackage.TC002_VerifyBagProduct_AddtoCart" name="VrifyBagAddToCart" time="6.550"/>
  <system-out/>
</testsuite> <!-- com.SauceDemo.Version2.TestPackage.TC002_VerifyBagProduct_AddtoCart -->
